<?xml version="1.0" encoding="UTF-8"?>
<!-- Generated by org.testng.reporters.JUnitReportReporter -->
<testsuite hostname="BTWIN0PVc9rnON6" failures="0" tests="1" name="org.example.RemoteTestFF" time="3.398" errors="0" timestamp="2023-08-20T19:10:41 IST" skipped="0">
  <testcase classname="org.example.RemoteTestFF" name="openGoogleInFirefox" time="3.398"/>
</testsuite> <!-- org.example.RemoteTestFF -->
