<?xml version="1.0" encoding="UTF-8"?>
<!-- Generated by org.testng.reporters.JUnitReportReporter -->
<testsuite hostname="BTWIN0PVc9rnON6" failures="0" tests="1" name="org.example.RemoteTestChrome" time="1.868" errors="0" timestamp="2023-08-20T19:10:41 IST" skipped="0">
  <testcase classname="org.example.RemoteTestChrome" name="TestCase1" time="1.868"/>
</testsuite> <!-- org.example.RemoteTestChrome -->
